生成启动时间为 2015/11/22 1:43:11。
     1>项目“E:\Src\[src.cool]最后一战\Server\LogServer\LogServer\LogServer.vcxproj”在节点 6 上(build 个目标)。
     1>InitializeBuildStatus:
         正在创建“x64\Release\LogServer.unsuccessfulbuild”，因为已指定“AlwaysCreate”。
       ClCompile:
         C:\Program Files (x86)\Microsoft Visual Studio 10.0\VC\bin\x86_amd64\CL.exe /c /Zi /nologo /W3 /WX- /O2 /Oi /GL /D WIN32 /D NDEBUG /D _CONSOLE /D _UNICODE /D UNICODE /Gm- /EHsc /MD /GS /Gy /fp:precise /Zc:wchar_t /Zc:forScope /Yc"StdAfx.h" /Fp"x64\Release\LogServer.pch" /Fo"x64\Release\\" /Fd"x64\Release\vc100.pdb" /Gd /TP /errorReport:prompt stdafx.cpp
         stdafx.cpp
     1>E:\Src\[src.cool]最后一战\Server\ThirdFunc\google/protobuf/descriptor.h(1597): warning C4244: “return”: 从“__int64”转换到“int”，可能丢失数据
     1>E:\Src\[src.cool]最后一战\Server\ThirdFunc\google/protobuf/descriptor.h(1599): warning C4244: “return”: 从“__int64”转换到“int”，可能丢失数据
     1>E:\Src\[src.cool]最后一战\Server\ThirdFunc\google/protobuf/descriptor.h(1601): warning C4244: “return”: 从“__int64”转换到“int”，可能丢失数据
     1>E:\Src\[src.cool]最后一战\Server\ThirdFunc\google/protobuf/descriptor.h(1607): warning C4244: “return”: 从“__int64”转换到“int”，可能丢失数据
     1>E:\Src\[src.cool]最后一战\Server\ThirdFunc\google/protobuf/descriptor.h(1609): warning C4244: “return”: 从“__int64”转换到“int”，可能丢失数据
     1>E:\Src\[src.cool]最后一战\Server\ThirdFunc\google/protobuf/descriptor.h(1614): warning C4244: “return”: 从“__int64”转换到“int”，可能丢失数据
     1>E:\Src\[src.cool]最后一战\Server\ThirdFunc\google/protobuf/descriptor.h(1619): warning C4244: “return”: 从“__int64”转换到“int”，可能丢失数据
     1>E:\Src\[src.cool]最后一战\Server\ThirdFunc\google/protobuf/descriptor.h(1621): warning C4244: “return”: 从“__int64”转换到“int”，可能丢失数据
     1>E:\Src\[src.cool]最后一战\Server\ThirdFunc\google/protobuf/descriptor.h(1626): warning C4244: “return”: 从“__int64”转换到“int”，可能丢失数据
     1>E:\Src\[src.cool]最后一战\Server\ThirdFunc\google/protobuf/descriptor.h(1630): warning C4244: “return”: 从“__int64”转换到“int”，可能丢失数据
     1>E:\Src\[src.cool]最后一战\Server\ThirdFunc\google/protobuf/descriptor.h(1634): warning C4244: “return”: 从“__int64”转换到“int”，可能丢失数据
     1>E:\Src\[src.cool]最后一战\Server\ThirdFunc\google/protobuf/unknown_field_set.h(141): warning C4267: “参数”: 从“size_t”转换到“int”，可能丢失数据
     1>E:\Src\[src.cool]最后一战\Server\ThirdFunc\google/protobuf/unknown_field_set.h(239): warning C4267: “return”: 从“size_t”转换到“int”，可能丢失数据
     1>E:\Src\[src.cool]最后一战\Server\ThirdFunc\google/protobuf/unknown_field_set.h(307): warning C4267: “return”: 从“size_t”转换到“int”，可能丢失数据
         C:\Program Files (x86)\Microsoft Visual Studio 10.0\VC\bin\x86_amd64\CL.exe /c /Zi /nologo /W3 /WX- /O2 /Oi /GL /D WIN32 /D NDEBUG /D _CONSOLE /D _UNICODE /D UNICODE /Gm- /EHsc /MD /GS /Gy /fp:precise /Zc:wchar_t /Zc:forScope /Fo"x64\Release\\" /Fd"x64\Release\vc100.pdb" /Gd /TP /errorReport:prompt ..\..\CommonCPlus\CSDataSource.cpp ..\..\CommonCPlus\DBActiveWrapper.cpp ..\..\CommonCPlus\DBMgr.cpp ..\..\ELogging\ELogging\SSActive.cpp ..\..\ELogging\ELogging\Timer.cpp ..\..\Share\Net\ICliSession.cpp ..\..\Share\Net\IMsgHandle.cpp ..\..\Share\Net\INetSession.cpp ..\..\Share\Net\INetSessionMgr.cpp ..\..\Share\Net\ISrvCliSession.cpp ..\..\ThirdFunc\MsgLists\ParseProto.cpp ..\..\ThirdFunc\MsgLists\ToLog.pb.cc LogHandler.cpp LogServer.cpp Net\ClientSession.cpp Net\LogNetSessionMgr.cpp
         CSDataSource.cpp
     1>CL : warning : This header is deprecated. Please use: boost/spirit/include/classic.hpp
     1>e:\src\[src.cool]最后一战\server\commoncplus\Include/FBAll_Const.h(244): warning C4305: “初始化”: 从“double”到“const float”截断
     1>e:\src\[src.cool]最后一战\server\commoncplus\Include/FBAll_Const.h(249): warning C4305: “初始化”: 从“double”到“const float”截断
     1>e:\src\[src.cool]最后一战\server\commoncplus\Include/FBAll_Const.h(1790): warning C4996: 'sprintf': This function or variable may be unsafe. Consider using sprintf_s instead. To disable deprecation, use _CRT_SECURE_NO_WARNINGS. See online help for details.
                 C:\Program Files (x86)\Microsoft Visual Studio 10.0\VC\include\stdio.h(371) : 参见“sprintf”的声明
     1>e:\src\[src.cool]最后一战\server\commoncplus\Include/FBAll_Const.h(3078): warning C4996: 'localtime': This function or variable may be unsafe. Consider using localtime_s instead. To disable deprecation, use _CRT_SECURE_NO_WARNINGS. See online help for details.
                 C:\Program Files (x86)\Microsoft Visual Studio 10.0\VC\include\time.inl(112) : 参见“localtime”的声明
     1>e:\src\[src.cool]最后一战\server\commoncplus\Include/FBAll_Const.h(3081): warning C4996: 'sprintf': This function or variable may be unsafe. Consider using sprintf_s instead. To disable deprecation, use _CRT_SECURE_NO_WARNINGS. See online help for details.
                 C:\Program Files (x86)\Microsoft Visual Studio 10.0\VC\include\stdio.h(371) : 参见“sprintf”的声明
         DBActiveWrapper.cpp
     1>e:\src\[src.cool]最后一战\server\elogging\elogging\Buffer.h(38): warning C4267: “+=”: 从“size_t”转换到“int”，可能丢失数据
     1>e:\src\[src.cool]最后一战\server\elogging\elogging\Buffer.h(49): warning C4267: “+=”: 从“size_t”转换到“int”，可能丢失数据
     1>E:\Src\[src.cool]最后一战\Server\ThirdFunc\google/protobuf/descriptor.h(1597): warning C4244: “return”: 从“__int64”转换到“int”，可能丢失数据
     1>E:\Src\[src.cool]最后一战\Server\ThirdFunc\google/protobuf/descriptor.h(1599): warning C4244: “return”: 从“__int64”转换到“int”，可能丢失数据
     1>E:\Src\[src.cool]最后一战\Server\ThirdFunc\google/protobuf/descriptor.h(1601): warning C4244: “return”: 从“__int64”转换到“int”，可能丢失数据
     1>E:\Src\[src.cool]最后一战\Server\ThirdFunc\google/protobuf/descriptor.h(1607): warning C4244: “return”: 从“__int64”转换到“int”，可能丢失数据
     1>E:\Src\[src.cool]最后一战\Server\ThirdFunc\google/protobuf/descriptor.h(1609): warning C4244: “return”: 从“__int64”转换到“int”，可能丢失数据
     1>E:\Src\[src.cool]最后一战\Server\ThirdFunc\google/protobuf/descriptor.h(1614): warning C4244: “return”: 从“__int64”转换到“int”，可能丢失数据
     1>E:\Src\[src.cool]最后一战\Server\ThirdFunc\google/protobuf/descriptor.h(1619): warning C4244: “return”: 从“__int64”转换到“int”，可能丢失数据
     1>E:\Src\[src.cool]最后一战\Server\ThirdFunc\google/protobuf/descriptor.h(1621): warning C4244: “return”: 从“__int64”转换到“int”，可能丢失数据
     1>E:\Src\[src.cool]最后一战\Server\ThirdFunc\google/protobuf/descriptor.h(1626): warning C4244: “return”: 从“__int64”转换到“int”，可能丢失数据
     1>E:\Src\[src.cool]最后一战\Server\ThirdFunc\google/protobuf/descriptor.h(1630): warning C4244: “return”: 从“__int64”转换到“int”，可能丢失数据
     1>E:\Src\[src.cool]最后一战\Server\ThirdFunc\google/protobuf/descriptor.h(1634): warning C4244: “return”: 从“__int64”转换到“int”，可能丢失数据
     1>CL : warning : This header is deprecated. Please use: boost/spirit/include/classic.hpp
     1>e:\src\[src.cool]最后一战\server\commoncplus\Include/FBAll_Const.h(244): warning C4305: “初始化”: 从“double”到“const float”截断
     1>e:\src\[src.cool]最后一战\server\commoncplus\Include/FBAll_Const.h(249): warning C4305: “初始化”: 从“double”到“const float”截断
     1>e:\src\[src.cool]最后一战\server\commoncplus\Include/FBAll_Const.h(1790): warning C4996: 'sprintf': This function or variable may be unsafe. Consider using sprintf_s instead. To disable deprecation, use _CRT_SECURE_NO_WARNINGS. See online help for details.
                 C:\Program Files (x86)\Microsoft Visual Studio 10.0\VC\include\stdio.h(371) : 参见“sprintf”的声明
     1>e:\src\[src.cool]最后一战\server\commoncplus\Include/FBAll_Const.h(3078): warning C4996: 'localtime': This function or variable may be unsafe. Consider using localtime_s instead. To disable deprecation, use _CRT_SECURE_NO_WARNINGS. See online help for details.
                 C:\Program Files (x86)\Microsoft Visual Studio 10.0\VC\include\time.inl(112) : 参见“localtime”的声明
     1>e:\src\[src.cool]最后一战\server\commoncplus\Include/FBAll_Const.h(3081): warning C4996: 'sprintf': This function or variable may be unsafe. Consider using sprintf_s instead. To disable deprecation, use _CRT_SECURE_NO_WARNINGS. See online help for details.
                 C:\Program Files (x86)\Microsoft Visual Studio 10.0\VC\include\stdio.h(371) : 参见“sprintf”的声明
         DBMgr.cpp
     1>CL : warning : This header is deprecated. Please use: boost/spirit/include/classic.hpp
     1>e:\src\[src.cool]最后一战\server\commoncplus\Include/FBAll_Const.h(244): warning C4305: “初始化”: 从“double”到“const float”截断
     1>e:\src\[src.cool]最后一战\server\commoncplus\Include/FBAll_Const.h(249): warning C4305: “初始化”: 从“double”到“const float”截断
     1>e:\src\[src.cool]最后一战\server\commoncplus\Include/FBAll_Const.h(1790): warning C4996: 'sprintf': This function or variable may be unsafe. Consider using sprintf_s instead. To disable deprecation, use _CRT_SECURE_NO_WARNINGS. See online help for details.
                 C:\Program Files (x86)\Microsoft Visual Studio 10.0\VC\include\stdio.h(371) : 参见“sprintf”的声明
     1>e:\src\[src.cool]最后一战\server\commoncplus\Include/FBAll_Const.h(3078): warning C4996: 'localtime': This function or variable may be unsafe. Consider using localtime_s instead. To disable deprecation, use _CRT_SECURE_NO_WARNINGS. See online help for details.
                 C:\Program Files (x86)\Microsoft Visual Studio 10.0\VC\include\time.inl(112) : 参见“localtime”的声明
     1>e:\src\[src.cool]最后一战\server\commoncplus\Include/FBAll_Const.h(3081): warning C4996: 'sprintf': This function or variable may be unsafe. Consider using sprintf_s instead. To disable deprecation, use _CRT_SECURE_NO_WARNINGS. See online help for details.
                 C:\Program Files (x86)\Microsoft Visual Studio 10.0\VC\include\stdio.h(371) : 参见“sprintf”的声明
     1>..\..\CommonCPlus\DBMgr.cpp(32): warning C4800: “MYSQL *”: 将值强制为布尔值“true”或“false”(性能警告)
     1>..\..\CommonCPlus\DBMgr.cpp(37): warning C4996: 'strcpy': This function or variable may be unsafe. Consider using strcpy_s instead. To disable deprecation, use _CRT_SECURE_NO_WARNINGS. See online help for details.
                 C:\Program Files (x86)\Microsoft Visual Studio 10.0\VC\include\string.h(105) : 参见“strcpy”的声明
     1>..\..\CommonCPlus\DBMgr.cpp(38): warning C4996: 'strcpy': This function or variable may be unsafe. Consider using strcpy_s instead. To disable deprecation, use _CRT_SECURE_NO_WARNINGS. See online help for details.
                 C:\Program Files (x86)\Microsoft Visual Studio 10.0\VC\include\string.h(105) : 参见“strcpy”的声明
     1>..\..\CommonCPlus\DBMgr.cpp(39): warning C4996: 'strcpy': This function or variable may be unsafe. Consider using strcpy_s instead. To disable deprecation, use _CRT_SECURE_NO_WARNINGS. See online help for details.
                 C:\Program Files (x86)\Microsoft Visual Studio 10.0\VC\include\string.h(105) : 参见“strcpy”的声明
     1>..\..\CommonCPlus\DBMgr.cpp(40): warning C4996: 'strcpy': This function or variable may be unsafe. Consider using strcpy_s instead. To disable deprecation, use _CRT_SECURE_NO_WARNINGS. See online help for details.
                 C:\Program Files (x86)\Microsoft Visual Studio 10.0\VC\include\string.h(105) : 参见“strcpy”的声明
     1>..\..\CommonCPlus\DBMgr.cpp(66): warning C4267: “参数”: 从“size_t”转换到“unsigned long”，可能丢失数据
     1>..\..\CommonCPlus\DBMgr.cpp(164): warning C4996: 'strcpy': This function or variable may be unsafe. Consider using strcpy_s instead. To disable deprecation, use _CRT_SECURE_NO_WARNINGS. See online help for details.
                 C:\Program Files (x86)\Microsoft Visual Studio 10.0\VC\include\string.h(105) : 参见“strcpy”的声明
     1>..\..\CommonCPlus\DBMgr.cpp(204): warning C4267: “初始化”: 从“size_t”转换到“int”，可能丢失数据
     1>..\..\CommonCPlus\DBMgr.cpp(232): warning C4800: “MYSQL *”: 将值强制为布尔值“true”或“false”(性能警告)
         SSActive.cpp
     1>e:\src\[src.cool]最后一战\server\elogging\elogging\Buffer.h(38): warning C4267: “+=”: 从“size_t”转换到“int”，可能丢失数据
     1>e:\src\[src.cool]最后一战\server\elogging\elogging\Buffer.h(49): warning C4267: “+=”: 从“size_t”转换到“int”，可能丢失数据
     1>..\..\ELogging\ELogging\SSActive.cpp(182): warning C4996: 'sprintf': This function or variable may be unsafe. Consider using sprintf_s instead. To disable deprecation, use _CRT_SECURE_NO_WARNINGS. See online help for details.
                 C:\Program Files (x86)\Microsoft Visual Studio 10.0\VC\include\stdio.h(371) : 参见“sprintf”的声明
         Timer.cpp
         ICliSession.cpp
     1>E:\Src\[src.cool]最后一战\Server\ThirdFunc\google/protobuf/descriptor.h(1597): warning C4244: “return”: 从“__int64”转换到“int”，可能丢失数据
     1>E:\Src\[src.cool]最后一战\Server\ThirdFunc\google/protobuf/descriptor.h(1599): warning C4244: “return”: 从“__int64”转换到“int”，可能丢失数据
     1>E:\Src\[src.cool]最后一战\Server\ThirdFunc\google/protobuf/descriptor.h(1601): warning C4244: “return”: 从“__int64”转换到“int”，可能丢失数据
     1>E:\Src\[src.cool]最后一战\Server\ThirdFunc\google/protobuf/descriptor.h(1607): warning C4244: “return”: 从“__int64”转换到“int”，可能丢失数据
     1>E:\Src\[src.cool]最后一战\Server\ThirdFunc\google/protobuf/descriptor.h(1609): warning C4244: “return”: 从“__int64”转换到“int”，可能丢失数据
     1>E:\Src\[src.cool]最后一战\Server\ThirdFunc\google/protobuf/descriptor.h(1614): warning C4244: “return”: 从“__int64”转换到“int”，可能丢失数据
     1>E:\Src\[src.cool]最后一战\Server\ThirdFunc\google/protobuf/descriptor.h(1619): warning C4244: “return”: 从“__int64”转换到“int”，可能丢失数据
     1>E:\Src\[src.cool]最后一战\Server\ThirdFunc\google/protobuf/descriptor.h(1621): warning C4244: “return”: 从“__int64”转换到“int”，可能丢失数据
     1>E:\Src\[src.cool]最后一战\Server\ThirdFunc\google/protobuf/descriptor.h(1626): warning C4244: “return”: 从“__int64”转换到“int”，可能丢失数据
     1>E:\Src\[src.cool]最后一战\Server\ThirdFunc\google/protobuf/descriptor.h(1630): warning C4244: “return”: 从“__int64”转换到“int”，可能丢失数据
     1>E:\Src\[src.cool]最后一战\Server\ThirdFunc\google/protobuf/descriptor.h(1634): warning C4244: “return”: 从“__int64”转换到“int”，可能丢失数据
         IMsgHandle.cpp
         INetSession.cpp
     1>E:\Src\[src.cool]最后一战\Server\ThirdFunc\google/protobuf/descriptor.h(1597): warning C4244: “return”: 从“__int64”转换到“int”，可能丢失数据
     1>E:\Src\[src.cool]最后一战\Server\ThirdFunc\google/protobuf/descriptor.h(1599): warning C4244: “return”: 从“__int64”转换到“int”，可能丢失数据
     1>E:\Src\[src.cool]最后一战\Server\ThirdFunc\google/protobuf/descriptor.h(1601): warning C4244: “return”: 从“__int64”转换到“int”，可能丢失数据
     1>E:\Src\[src.cool]最后一战\Server\ThirdFunc\google/protobuf/descriptor.h(1607): warning C4244: “return”: 从“__int64”转换到“int”，可能丢失数据
     1>E:\Src\[src.cool]最后一战\Server\ThirdFunc\google/protobuf/descriptor.h(1609): warning C4244: “return”: 从“__int64”转换到“int”，可能丢失数据
     1>E:\Src\[src.cool]最后一战\Server\ThirdFunc\google/protobuf/descriptor.h(1614): warning C4244: “return”: 从“__int64”转换到“int”，可能丢失数据
     1>E:\Src\[src.cool]最后一战\Server\ThirdFunc\google/protobuf/descriptor.h(1619): warning C4244: “return”: 从“__int64”转换到“int”，可能丢失数据
     1>E:\Src\[src.cool]最后一战\Server\ThirdFunc\google/protobuf/descriptor.h(1621): warning C4244: “return”: 从“__int64”转换到“int”，可能丢失数据
     1>E:\Src\[src.cool]最后一战\Server\ThirdFunc\google/protobuf/descriptor.h(1626): warning C4244: “return”: 从“__int64”转换到“int”，可能丢失数据
     1>E:\Src\[src.cool]最后一战\Server\ThirdFunc\google/protobuf/descriptor.h(1630): warning C4244: “return”: 从“__int64”转换到“int”，可能丢失数据
     1>E:\Src\[src.cool]最后一战\Server\ThirdFunc\google/protobuf/descriptor.h(1634): warning C4244: “return”: 从“__int64”转换到“int”，可能丢失数据
     1>e:\src\[src.cool]最后一战\server\elogging\elogging\Buffer.h(38): warning C4267: “+=”: 从“size_t”转换到“int”，可能丢失数据
     1>e:\src\[src.cool]最后一战\server\elogging\elogging\Buffer.h(49): warning C4267: “+=”: 从“size_t”转换到“int”，可能丢失数据
     1>..\..\Share\Net\INetSession.cpp(185): warning C4267: “初始化”: 从“size_t”转换到“UINT32”，可能丢失数据
         INetSessionMgr.cpp
     1>e:\src\[src.cool]最后一战\server\elogging\elogging\Buffer.h(38): warning C4267: “+=”: 从“size_t”转换到“int”，可能丢失数据
     1>e:\src\[src.cool]最后一战\server\elogging\elogging\Buffer.h(49): warning C4267: “+=”: 从“size_t”转换到“int”，可能丢失数据
     1>E:\Src\[src.cool]最后一战\Server\ThirdFunc\google/protobuf/descriptor.h(1597): warning C4244: “return”: 从“__int64”转换到“int”，可能丢失数据
     1>E:\Src\[src.cool]最后一战\Server\ThirdFunc\google/protobuf/descriptor.h(1599): warning C4244: “return”: 从“__int64”转换到“int”，可能丢失数据
     1>E:\Src\[src.cool]最后一战\Server\ThirdFunc\google/protobuf/descriptor.h(1601): warning C4244: “return”: 从“__int64”转换到“int”，可能丢失数据
     1>E:\Src\[src.cool]最后一战\Server\ThirdFunc\google/protobuf/descriptor.h(1607): warning C4244: “return”: 从“__int64”转换到“int”，可能丢失数据
     1>E:\Src\[src.cool]最后一战\Server\ThirdFunc\google/protobuf/descriptor.h(1609): warning C4244: “return”: 从“__int64”转换到“int”，可能丢失数据
     1>E:\Src\[src.cool]最后一战\Server\ThirdFunc\google/protobuf/descriptor.h(1614): warning C4244: “return”: 从“__int64”转换到“int”，可能丢失数据
     1>E:\Src\[src.cool]最后一战\Server\ThirdFunc\google/protobuf/descriptor.h(1619): warning C4244: “return”: 从“__int64”转换到“int”，可能丢失数据
     1>E:\Src\[src.cool]最后一战\Server\ThirdFunc\google/protobuf/descriptor.h(1621): warning C4244: “return”: 从“__int64”转换到“int”，可能丢失数据
     1>E:\Src\[src.cool]最后一战\Server\ThirdFunc\google/protobuf/descriptor.h(1626): warning C4244: “return”: 从“__int64”转换到“int”，可能丢失数据
     1>E:\Src\[src.cool]最后一战\Server\ThirdFunc\google/protobuf/descriptor.h(1630): warning C4244: “return”: 从“__int64”转换到“int”，可能丢失数据
     1>E:\Src\[src.cool]最后一战\Server\ThirdFunc\google/protobuf/descriptor.h(1634): warning C4244: “return”: 从“__int64”转换到“int”，可能丢失数据
     1>..\..\Share\Net\INetSessionMgr.cpp(18): warning C4244: “=”: 从“DWORD”转换到“UINT8”，可能丢失数据
     1>..\..\Share\Net\INetSessionMgr.cpp(59): warning C4018: “<=”: 有符号/无符号不匹配
     1>..\..\Share\Net\INetSessionMgr.cpp(189): warning C4267: “参数”: 从“size_t”转换到“int”，可能丢失数据
         ISrvCliSession.cpp
     1>E:\Src\[src.cool]最后一战\Server\ThirdFunc\google/protobuf/descriptor.h(1597): warning C4244: “return”: 从“__int64”转换到“int”，可能丢失数据
     1>E:\Src\[src.cool]最后一战\Server\ThirdFunc\google/protobuf/descriptor.h(1599): warning C4244: “return”: 从“__int64”转换到“int”，可能丢失数据
     1>E:\Src\[src.cool]最后一战\Server\ThirdFunc\google/protobuf/descriptor.h(1601): warning C4244: “return”: 从“__int64”转换到“int”，可能丢失数据
     1>E:\Src\[src.cool]最后一战\Server\ThirdFunc\google/protobuf/descriptor.h(1607): warning C4244: “return”: 从“__int64”转换到“int”，可能丢失数据
     1>E:\Src\[src.cool]最后一战\Server\ThirdFunc\google/protobuf/descriptor.h(1609): warning C4244: “return”: 从“__int64”转换到“int”，可能丢失数据
     1>E:\Src\[src.cool]最后一战\Server\ThirdFunc\google/protobuf/descriptor.h(1614): warning C4244: “return”: 从“__int64”转换到“int”，可能丢失数据
     1>E:\Src\[src.cool]最后一战\Server\ThirdFunc\google/protobuf/descriptor.h(1619): warning C4244: “return”: 从“__int64”转换到“int”，可能丢失数据
     1>E:\Src\[src.cool]最后一战\Server\ThirdFunc\google/protobuf/descriptor.h(1621): warning C4244: “return”: 从“__int64”转换到“int”，可能丢失数据
     1>E:\Src\[src.cool]最后一战\Server\ThirdFunc\google/protobuf/descriptor.h(1626): warning C4244: “return”: 从“__int64”转换到“int”，可能丢失数据
     1>E:\Src\[src.cool]最后一战\Server\ThirdFunc\google/protobuf/descriptor.h(1630): warning C4244: “return”: 从“__int64”转换到“int”，可能丢失数据
     1>E:\Src\[src.cool]最后一战\Server\ThirdFunc\google/protobuf/descriptor.h(1634): warning C4244: “return”: 从“__int64”转换到“int”，可能丢失数据
     1>e:\src\[src.cool]最后一战\server\elogging\elogging\Buffer.h(38): warning C4267: “+=”: 从“size_t”转换到“int”，可能丢失数据
     1>e:\src\[src.cool]最后一战\server\elogging\elogging\Buffer.h(49): warning C4267: “+=”: 从“size_t”转换到“int”，可能丢失数据
         ParseProto.cpp
         ToLog.pb.cc
     1>E:\Src\[src.cool]最后一战\Server\ThirdFunc\google/protobuf/descriptor.h(1597): warning C4244: “return”: 从“__int64”转换到“int”，可能丢失数据
     1>E:\Src\[src.cool]最后一战\Server\ThirdFunc\google/protobuf/descriptor.h(1599): warning C4244: “return”: 从“__int64”转换到“int”，可能丢失数据
     1>E:\Src\[src.cool]最后一战\Server\ThirdFunc\google/protobuf/descriptor.h(1601): warning C4244: “return”: 从“__int64”转换到“int”，可能丢失数据
     1>E:\Src\[src.cool]最后一战\Server\ThirdFunc\google/protobuf/descriptor.h(1607): warning C4244: “return”: 从“__int64”转换到“int”，可能丢失数据
     1>E:\Src\[src.cool]最后一战\Server\ThirdFunc\google/protobuf/descriptor.h(1609): warning C4244: “return”: 从“__int64”转换到“int”，可能丢失数据
     1>E:\Src\[src.cool]最后一战\Server\ThirdFunc\google/protobuf/descriptor.h(1614): warning C4244: “return”: 从“__int64”转换到“int”，可能丢失数据
     1>E:\Src\[src.cool]最后一战\Server\ThirdFunc\google/protobuf/descriptor.h(1619): warning C4244: “return”: 从“__int64”转换到“int”，可能丢失数据
     1>E:\Src\[src.cool]最后一战\Server\ThirdFunc\google/protobuf/descriptor.h(1621): warning C4244: “return”: 从“__int64”转换到“int”，可能丢失数据
     1>E:\Src\[src.cool]最后一战\Server\ThirdFunc\google/protobuf/descriptor.h(1626): warning C4244: “return”: 从“__int64”转换到“int”，可能丢失数据
     1>E:\Src\[src.cool]最后一战\Server\ThirdFunc\google/protobuf/descriptor.h(1630): warning C4244: “return”: 从“__int64”转换到“int”，可能丢失数据
     1>E:\Src\[src.cool]最后一战\Server\ThirdFunc\google/protobuf/descriptor.h(1634): warning C4244: “return”: 从“__int64”转换到“int”，可能丢失数据
     1>E:\Src\[src.cool]最后一战\Server\ThirdFunc\google/protobuf/unknown_field_set.h(141): warning C4267: “参数”: 从“size_t”转换到“int”，可能丢失数据
     1>E:\Src\[src.cool]最后一战\Server\ThirdFunc\google/protobuf/unknown_field_set.h(239): warning C4267: “return”: 从“size_t”转换到“int”，可能丢失数据
     1>E:\Src\[src.cool]最后一战\Server\ThirdFunc\google/protobuf/unknown_field_set.h(307): warning C4267: “return”: 从“size_t”转换到“int”，可能丢失数据
     1>E:\Src\[src.cool]最后一战\Server\ThirdFunc\google/protobuf/io/coded_stream.h(977): warning C4244: “=”: 从“__int64”转换到“int”，可能丢失数据
     1>E:\Src\[src.cool]最后一战\Server\ThirdFunc\google/protobuf/io/coded_stream.h(1162): warning C4244: “return”: 从“__int64”转换到“int”，可能丢失数据
     1>E:\Src\[src.cool]最后一战\Server\ThirdFunc\google/protobuf/wire_format_lite_inl.h(822): warning C4267: “参数”: 从“size_t”转换到“google::protobuf::uint32”，可能丢失数据
     1>E:\Src\[src.cool]最后一战\Server\ThirdFunc\google/protobuf/wire_format_lite_inl.h(823): warning C4267: “return”: 从“size_t”转换到“int”，可能丢失数据
     1>E:\Src\[src.cool]最后一战\Server\ThirdFunc\google/protobuf/wire_format_lite_inl.h(826): warning C4267: “参数”: 从“size_t”转换到“google::protobuf::uint32”，可能丢失数据
     1>E:\Src\[src.cool]最后一战\Server\ThirdFunc\google/protobuf/wire_format_lite_inl.h(827): warning C4267: “return”: 从“size_t”转换到“int”，可能丢失数据
     1>..\..\ThirdFunc\MsgLists\ToLog.pb.cc(253): warning C4267: “参数”: 从“size_t”转换到“int”，可能丢失数据
     1>..\..\ThirdFunc\MsgLists\ToLog.pb.cc(302): warning C4267: “参数”: 从“size_t”转换到“int”，可能丢失数据
     1>..\..\ThirdFunc\MsgLists\ToLog.pb.cc(333): warning C4267: “参数”: 从“size_t”转换到“int”，可能丢失数据
     1>E:\Src\[src.cool]最后一战\Server\ThirdFunc\google/protobuf/wire_format_lite_inl.h(383): warning C4018: “<”: 有符号/无符号不匹配
                 E:\Src\[src.cool]最后一战\Server\ThirdFunc\google/protobuf/wire_format_lite_inl.h(413): 参见对正在编译的函数 模板 实例化“bool google::protobuf::internal::WireFormatLite::ReadPackedFixedSizePrimitive<google::protobuf::uint32,TYPE_FIXED32>(google::protobuf::io::CodedInputStream *,google::protobuf::RepeatedField<Element> *)”的引用
                 with
                 [
                     Element=google::protobuf::uint32
                 ]
     1>E:\Src\[src.cool]最后一战\Server\ThirdFunc\google/protobuf/wire_format_lite_inl.h(393): warning C4018: “<”: 有符号/无符号不匹配
     1>E:\Src\[src.cool]最后一战\Server\ThirdFunc\google/protobuf/wire_format_lite_inl.h(383): warning C4018: “<”: 有符号/无符号不匹配
                 E:\Src\[src.cool]最后一战\Server\ThirdFunc\google/protobuf/wire_format_lite_inl.h(414): 参见对正在编译的函数 模板 实例化“bool google::protobuf::internal::WireFormatLite::ReadPackedFixedSizePrimitive<google::protobuf::uint64,TYPE_FIXED64>(google::protobuf::io::CodedInputStream *,google::protobuf::RepeatedField<Element> *)”的引用
                 with
                 [
                     Element=google::protobuf::uint64
                 ]
     1>E:\Src\[src.cool]最后一战\Server\ThirdFunc\google/protobuf/wire_format_lite_inl.h(393): warning C4018: “<”: 有符号/无符号不匹配
     1>E:\Src\[src.cool]最后一战\Server\ThirdFunc\google/protobuf/wire_format_lite_inl.h(383): warning C4018: “<”: 有符号/无符号不匹配
                 E:\Src\[src.cool]最后一战\Server\ThirdFunc\google/protobuf/wire_format_lite_inl.h(415): 参见对正在编译的函数 模板 实例化“bool google::protobuf::internal::WireFormatLite::ReadPackedFixedSizePrimitive<google::protobuf::int32,TYPE_SFIXED32>(google::protobuf::io::CodedInputStream *,google::protobuf::RepeatedField<Element> *)”的引用
                 with
                 [
                     Element=google::protobuf::int32
                 ]
     1>E:\Src\[src.cool]最后一战\Server\ThirdFunc\google/protobuf/wire_format_lite_inl.h(393): warning C4018: “<”: 有符号/无符号不匹配
     1>E:\Src\[src.cool]最后一战\Server\ThirdFunc\google/protobuf/wire_format_lite_inl.h(383): warning C4018: “<”: 有符号/无符号不匹配
                 E:\Src\[src.cool]最后一战\Server\ThirdFunc\google/protobuf/wire_format_lite_inl.h(416): 参见对正在编译的函数 模板 实例化“bool google::protobuf::internal::WireFormatLite::ReadPackedFixedSizePrimitive<google::protobuf::int64,TYPE_SFIXED64>(google::protobuf::io::CodedInputStream *,google::protobuf::RepeatedField<Element> *)”的引用
                 with
                 [
                     Element=google::protobuf::int64
                 ]
     1>E:\Src\[src.cool]最后一战\Server\ThirdFunc\google/protobuf/wire_format_lite_inl.h(393): warning C4018: “<”: 有符号/无符号不匹配
     1>E:\Src\[src.cool]最后一战\Server\ThirdFunc\google/protobuf/wire_format_lite_inl.h(383): warning C4018: “<”: 有符号/无符号不匹配
                 E:\Src\[src.cool]最后一战\Server\ThirdFunc\google/protobuf/wire_format_lite_inl.h(417): 参见对正在编译的函数 模板 实例化“bool google::protobuf::internal::WireFormatLite::ReadPackedFixedSizePrimitive<float,TYPE_FLOAT>(google::protobuf::io::CodedInputStream *,google::protobuf::RepeatedField<Element> *)”的引用
                 with
                 [
                     Element=float
                 ]
     1>E:\Src\[src.cool]最后一战\Server\ThirdFunc\google/protobuf/wire_format_lite_inl.h(393): warning C4018: “<”: 有符号/无符号不匹配
     1>E:\Src\[src.cool]最后一战\Server\ThirdFunc\google/protobuf/wire_format_lite_inl.h(383): warning C4018: “<”: 有符号/无符号不匹配
                 E:\Src\[src.cool]最后一战\Server\ThirdFunc\google/protobuf/wire_format_lite_inl.h(418): 参见对正在编译的函数 模板 实例化“bool google::protobuf::internal::WireFormatLite::ReadPackedFixedSizePrimitive<double,TYPE_DOUBLE>(google::protobuf::io::CodedInputStream *,google::protobuf::RepeatedField<Element> *)”的引用
                 with
                 [
                     Element=double
                 ]
     1>E:\Src\[src.cool]最后一战\Server\ThirdFunc\google/protobuf/wire_format_lite_inl.h(393): warning C4018: “<”: 有符号/无符号不匹配
         LogHandler.cpp
     1>E:\Src\[src.cool]最后一战\Server\ThirdFunc\google/protobuf/descriptor.h(1597): warning C4244: “return”: 从“__int64”转换到“int”，可能丢失数据
     1>E:\Src\[src.cool]最后一战\Server\ThirdFunc\google/protobuf/descriptor.h(1599): warning C4244: “return”: 从“__int64”转换到“int”，可能丢失数据
     1>E:\Src\[src.cool]最后一战\Server\ThirdFunc\google/protobuf/descriptor.h(1601): warning C4244: “return”: 从“__int64”转换到“int”，可能丢失数据
     1>E:\Src\[src.cool]最后一战\Server\ThirdFunc\google/protobuf/descriptor.h(1607): warning C4244: “return”: 从“__int64”转换到“int”，可能丢失数据
     1>E:\Src\[src.cool]最后一战\Server\ThirdFunc\google/protobuf/descriptor.h(1609): warning C4244: “return”: 从“__int64”转换到“int”，可能丢失数据
     1>E:\Src\[src.cool]最后一战\Server\ThirdFunc\google/protobuf/descriptor.h(1614): warning C4244: “return”: 从“__int64”转换到“int”，可能丢失数据
     1>E:\Src\[src.cool]最后一战\Server\ThirdFunc\google/protobuf/descriptor.h(1619): warning C4244: “return”: 从“__int64”转换到“int”，可能丢失数据
     1>E:\Src\[src.cool]最后一战\Server\ThirdFunc\google/protobuf/descriptor.h(1621): warning C4244: “return”: 从“__int64”转换到“int”，可能丢失数据
     1>E:\Src\[src.cool]最后一战\Server\ThirdFunc\google/protobuf/descriptor.h(1626): warning C4244: “return”: 从“__int64”转换到“int”，可能丢失数据
     1>E:\Src\[src.cool]最后一战\Server\ThirdFunc\google/protobuf/descriptor.h(1630): warning C4244: “return”: 从“__int64”转换到“int”，可能丢失数据
     1>E:\Src\[src.cool]最后一战\Server\ThirdFunc\google/protobuf/descriptor.h(1634): warning C4244: “return”: 从“__int64”转换到“int”，可能丢失数据
     1>E:\Src\[src.cool]最后一战\Server\ThirdFunc\google/protobuf/unknown_field_set.h(141): warning C4267: “参数”: 从“size_t”转换到“int”，可能丢失数据
     1>E:\Src\[src.cool]最后一战\Server\ThirdFunc\google/protobuf/unknown_field_set.h(239): warning C4267: “return”: 从“size_t”转换到“int”，可能丢失数据
     1>E:\Src\[src.cool]最后一战\Server\ThirdFunc\google/protobuf/unknown_field_set.h(307): warning C4267: “return”: 从“size_t”转换到“int”，可能丢失数据
     1>e:\src\[src.cool]最后一战\server\elogging\elogging\Buffer.h(38): warning C4267: “+=”: 从“size_t”转换到“int”，可能丢失数据
     1>e:\src\[src.cool]最后一战\server\elogging\elogging\Buffer.h(49): warning C4267: “+=”: 从“size_t”转换到“int”，可能丢失数据
     1>CL : warning : This header is deprecated. Please use: boost/spirit/include/classic.hpp
     1>e:\src\[src.cool]最后一战\server\commoncplus\Include/FBAll_Const.h(244): warning C4305: “初始化”: 从“double”到“const float”截断
     1>e:\src\[src.cool]最后一战\server\commoncplus\Include/FBAll_Const.h(249): warning C4305: “初始化”: 从“double”到“const float”截断
     1>e:\src\[src.cool]最后一战\server\commoncplus\Include/FBAll_Const.h(1790): warning C4996: 'sprintf': This function or variable may be unsafe. Consider using sprintf_s instead. To disable deprecation, use _CRT_SECURE_NO_WARNINGS. See online help for details.
                 C:\Program Files (x86)\Microsoft Visual Studio 10.0\VC\include\stdio.h(371) : 参见“sprintf”的声明
     1>e:\src\[src.cool]最后一战\server\commoncplus\Include/FBAll_Const.h(3078): warning C4996: 'localtime': This function or variable may be unsafe. Consider using localtime_s instead. To disable deprecation, use _CRT_SECURE_NO_WARNINGS. See online help for details.
                 C:\Program Files (x86)\Microsoft Visual Studio 10.0\VC\include\time.inl(112) : 参见“localtime”的声明
     1>e:\src\[src.cool]最后一战\server\commoncplus\Include/FBAll_Const.h(3081): warning C4996: 'sprintf': This function or variable may be unsafe. Consider using sprintf_s instead. To disable deprecation, use _CRT_SECURE_NO_WARNINGS. See online help for details.
                 C:\Program Files (x86)\Microsoft Visual Studio 10.0\VC\include\stdio.h(371) : 参见“sprintf”的声明
         LogServer.cpp
     1>E:\Src\[src.cool]最后一战\Server\ThirdFunc\google/protobuf/descriptor.h(1597): warning C4244: “return”: 从“__int64”转换到“int”，可能丢失数据
     1>E:\Src\[src.cool]最后一战\Server\ThirdFunc\google/protobuf/descriptor.h(1599): warning C4244: “return”: 从“__int64”转换到“int”，可能丢失数据
     1>E:\Src\[src.cool]最后一战\Server\ThirdFunc\google/protobuf/descriptor.h(1601): warning C4244: “return”: 从“__int64”转换到“int”，可能丢失数据
     1>E:\Src\[src.cool]最后一战\Server\ThirdFunc\google/protobuf/descriptor.h(1607): warning C4244: “return”: 从“__int64”转换到“int”，可能丢失数据
     1>E:\Src\[src.cool]最后一战\Server\ThirdFunc\google/protobuf/descriptor.h(1609): warning C4244: “return”: 从“__int64”转换到“int”，可能丢失数据
     1>E:\Src\[src.cool]最后一战\Server\ThirdFunc\google/protobuf/descriptor.h(1614): warning C4244: “return”: 从“__int64”转换到“int”，可能丢失数据
     1>E:\Src\[src.cool]最后一战\Server\ThirdFunc\google/protobuf/descriptor.h(1619): warning C4244: “return”: 从“__int64”转换到“int”，可能丢失数据
     1>E:\Src\[src.cool]最后一战\Server\ThirdFunc\google/protobuf/descriptor.h(1621): warning C4244: “return”: 从“__int64”转换到“int”，可能丢失数据
     1>E:\Src\[src.cool]最后一战\Server\ThirdFunc\google/protobuf/descriptor.h(1626): warning C4244: “return”: 从“__int64”转换到“int”，可能丢失数据
     1>E:\Src\[src.cool]最后一战\Server\ThirdFunc\google/protobuf/descriptor.h(1630): warning C4244: “return”: 从“__int64”转换到“int”，可能丢失数据
     1>E:\Src\[src.cool]最后一战\Server\ThirdFunc\google/protobuf/descriptor.h(1634): warning C4244: “return”: 从“__int64”转换到“int”，可能丢失数据
     1>E:\Src\[src.cool]最后一战\Server\ThirdFunc\google/protobuf/unknown_field_set.h(141): warning C4267: “参数”: 从“size_t”转换到“int”，可能丢失数据
     1>E:\Src\[src.cool]最后一战\Server\ThirdFunc\google/protobuf/unknown_field_set.h(239): warning C4267: “return”: 从“size_t”转换到“int”，可能丢失数据
     1>E:\Src\[src.cool]最后一战\Server\ThirdFunc\google/protobuf/unknown_field_set.h(307): warning C4267: “return”: 从“size_t”转换到“int”，可能丢失数据
     1>e:\src\[src.cool]最后一战\server\elogging\elogging\Buffer.h(38): warning C4267: “+=”: 从“size_t”转换到“int”，可能丢失数据
     1>e:\src\[src.cool]最后一战\server\elogging\elogging\Buffer.h(49): warning C4267: “+=”: 从“size_t”转换到“int”，可能丢失数据
     1>CL : warning : This header is deprecated. Please use: boost/spirit/include/classic.hpp
     1>e:\src\[src.cool]最后一战\server\commoncplus\Include/FBAll_Const.h(244): warning C4305: “初始化”: 从“double”到“const float”截断
     1>e:\src\[src.cool]最后一战\server\commoncplus\Include/FBAll_Const.h(249): warning C4305: “初始化”: 从“double”到“const float”截断
         ClientSession.cpp
     1>E:\Src\[src.cool]最后一战\Server\ThirdFunc\google/protobuf/descriptor.h(1597): warning C4244: “return”: 从“__int64”转换到“int”，可能丢失数据
     1>E:\Src\[src.cool]最后一战\Server\ThirdFunc\google/protobuf/descriptor.h(1599): warning C4244: “return”: 从“__int64”转换到“int”，可能丢失数据
     1>E:\Src\[src.cool]最后一战\Server\ThirdFunc\google/protobuf/descriptor.h(1601): warning C4244: “return”: 从“__int64”转换到“int”，可能丢失数据
     1>E:\Src\[src.cool]最后一战\Server\ThirdFunc\google/protobuf/descriptor.h(1607): warning C4244: “return”: 从“__int64”转换到“int”，可能丢失数据
     1>E:\Src\[src.cool]最后一战\Server\ThirdFunc\google/protobuf/descriptor.h(1609): warning C4244: “return”: 从“__int64”转换到“int”，可能丢失数据
     1>E:\Src\[src.cool]最后一战\Server\ThirdFunc\google/protobuf/descriptor.h(1614): warning C4244: “return”: 从“__int64”转换到“int”，可能丢失数据
     1>E:\Src\[src.cool]最后一战\Server\ThirdFunc\google/protobuf/descriptor.h(1619): warning C4244: “return”: 从“__int64”转换到“int”，可能丢失数据
     1>E:\Src\[src.cool]最后一战\Server\ThirdFunc\google/protobuf/descriptor.h(1621): warning C4244: “return”: 从“__int64”转换到“int”，可能丢失数据
     1>E:\Src\[src.cool]最后一战\Server\ThirdFunc\google/protobuf/descriptor.h(1626): warning C4244: “return”: 从“__int64”转换到“int”，可能丢失数据
     1>E:\Src\[src.cool]最后一战\Server\ThirdFunc\google/protobuf/descriptor.h(1630): warning C4244: “return”: 从“__int64”转换到“int”，可能丢失数据
     1>E:\Src\[src.cool]最后一战\Server\ThirdFunc\google/protobuf/descriptor.h(1634): warning C4244: “return”: 从“__int64”转换到“int”，可能丢失数据
     1>E:\Src\[src.cool]最后一战\Server\ThirdFunc\google/protobuf/unknown_field_set.h(141): warning C4267: “参数”: 从“size_t”转换到“int”，可能丢失数据
     1>E:\Src\[src.cool]最后一战\Server\ThirdFunc\google/protobuf/unknown_field_set.h(239): warning C4267: “return”: 从“size_t”转换到“int”，可能丢失数据
     1>E:\Src\[src.cool]最后一战\Server\ThirdFunc\google/protobuf/unknown_field_set.h(307): warning C4267: “return”: 从“size_t”转换到“int”，可能丢失数据
     1>e:\src\[src.cool]最后一战\server\elogging\elogging\Buffer.h(38): warning C4267: “+=”: 从“size_t”转换到“int”，可能丢失数据
     1>e:\src\[src.cool]最后一战\server\elogging\elogging\Buffer.h(49): warning C4267: “+=”: 从“size_t”转换到“int”，可能丢失数据
     1>CL : warning : This header is deprecated. Please use: boost/spirit/include/classic.hpp
     1>e:\src\[src.cool]最后一战\server\commoncplus\Include/FBAll_Const.h(244): warning C4305: “初始化”: 从“double”到“const float”截断
     1>e:\src\[src.cool]最后一战\server\commoncplus\Include/FBAll_Const.h(249): warning C4305: “初始化”: 从“double”到“const float”截断
         LogNetSessionMgr.cpp
     1>E:\Src\[src.cool]最后一战\Server\ThirdFunc\google/protobuf/descriptor.h(1597): warning C4244: “return”: 从“__int64”转换到“int”，可能丢失数据
     1>E:\Src\[src.cool]最后一战\Server\ThirdFunc\google/protobuf/descriptor.h(1599): warning C4244: “return”: 从“__int64”转换到“int”，可能丢失数据
     1>E:\Src\[src.cool]最后一战\Server\ThirdFunc\google/protobuf/descriptor.h(1601): warning C4244: “return”: 从“__int64”转换到“int”，可能丢失数据
     1>E:\Src\[src.cool]最后一战\Server\ThirdFunc\google/protobuf/descriptor.h(1607): warning C4244: “return”: 从“__int64”转换到“int”，可能丢失数据
     1>E:\Src\[src.cool]最后一战\Server\ThirdFunc\google/protobuf/descriptor.h(1609): warning C4244: “return”: 从“__int64”转换到“int”，可能丢失数据
     1>E:\Src\[src.cool]最后一战\Server\ThirdFunc\google/protobuf/descriptor.h(1614): warning C4244: “return”: 从“__int64”转换到“int”，可能丢失数据
     1>E:\Src\[src.cool]最后一战\Server\ThirdFunc\google/protobuf/descriptor.h(1619): warning C4244: “return”: 从“__int64”转换到“int”，可能丢失数据
     1>E:\Src\[src.cool]最后一战\Server\ThirdFunc\google/protobuf/descriptor.h(1621): warning C4244: “return”: 从“__int64”转换到“int”，可能丢失数据
     1>E:\Src\[src.cool]最后一战\Server\ThirdFunc\google/protobuf/descriptor.h(1626): warning C4244: “return”: 从“__int64”转换到“int”，可能丢失数据
     1>E:\Src\[src.cool]最后一战\Server\ThirdFunc\google/protobuf/descriptor.h(1630): warning C4244: “return”: 从“__int64”转换到“int”，可能丢失数据
     1>E:\Src\[src.cool]最后一战\Server\ThirdFunc\google/protobuf/descriptor.h(1634): warning C4244: “return”: 从“__int64”转换到“int”，可能丢失数据
     1>E:\Src\[src.cool]最后一战\Server\ThirdFunc\google/protobuf/unknown_field_set.h(141): warning C4267: “参数”: 从“size_t”转换到“int”，可能丢失数据
     1>E:\Src\[src.cool]最后一战\Server\ThirdFunc\google/protobuf/unknown_field_set.h(239): warning C4267: “return”: 从“size_t”转换到“int”，可能丢失数据
     1>E:\Src\[src.cool]最后一战\Server\ThirdFunc\google/protobuf/unknown_field_set.h(307): warning C4267: “return”: 从“size_t”转换到“int”，可能丢失数据
     1>e:\src\[src.cool]最后一战\server\elogging\elogging\Buffer.h(38): warning C4267: “+=”: 从“size_t”转换到“int”，可能丢失数据
     1>e:\src\[src.cool]最后一战\server\elogging\elogging\Buffer.h(49): warning C4267: “+=”: 从“size_t”转换到“int”，可能丢失数据
       Link:
         C:\Program Files (x86)\Microsoft Visual Studio 10.0\VC\bin\x86_amd64\link.exe /ERRORREPORT:PROMPT /OUT:"..\..\Bin\x64\Release\LogServer.exe" /INCREMENTAL:NO /NOLOGO ..\..\Lib\x64\Release\libmysql.lib ws2_32.lib ..\..\Lib\x64\Release\libprotobuf.lib winmm.lib wldap32.lib ..\..\Lib\x64\Release\libcurl.lib ..\..\Lib\x64\Release\tinyxml.lib "..\..\Lib\x64\Release\libboost_thread-vc100-mt-1_55.lib" "..\..\Lib\x64\Release\libboost_atomic-vc100-mt-1_55.lib" "..\..\Lib\x64\Release\libboost_chrono-vc100-mt-1_55.lib" "..\..\Lib\x64\Release\libboost_system-vc100-mt-1_55.lib" "..\..\Lib\x64\Release\libboost_date_time-vc100-mt-1_55.lib" kernel32.lib user32.lib gdi32.lib winspool.lib comdlg32.lib advapi32.lib shell32.lib ole32.lib oleaut32.lib uuid.lib odbc32.lib odbccp32.lib /MANIFEST /ManifestFile:"x64\Release\LogServer.exe.intermediate.manifest" /MANIFESTUAC:"level='asInvoker' uiAccess='false'" /DEBUG /PDB:"E:\Src\[src.cool]最后一战\Server\Bin\x64\Release\LogServer.pdb" /SUBSYSTEM:CONSOLE /OPT:REF /OPT:ICF /LTCG /TLBID:1 /DYNAMICBASE /NXCOMPAT /IMPLIB:"..\..\Bin\x64\Release\LogServer.lib" /MACHINE:X64 x64\Release\CSDataSource.obj
         x64\Release\DBActiveWrapper.obj
         x64\Release\DBMgr.obj
         x64\Release\SSActive.obj
         x64\Release\Timer.obj
         x64\Release\ICliSession.obj
         x64\Release\IMsgHandle.obj
         x64\Release\INetSession.obj
         x64\Release\INetSessionMgr.obj
         x64\Release\ISrvCliSession.obj
         x64\Release\ParseProto.obj
         x64\Release\ToLog.pb.obj
         x64\Release\LogHandler.obj
         x64\Release\LogServer.obj
         x64\Release\ClientSession.obj
         x64\Release\LogNetSessionMgr.obj
         x64\Release\stdafx.obj
         正在生成代码
         已完成代码的生成
     1>libprotobuf.lib(atomicops_internals_x86_msvc.obj) : warning LNK4099: 未找到 PDB“vc100.pdb”(使用“libprotobuf.lib(atomicops_internals_x86_msvc.obj)”或在“E:\Src\[src.cool]最后一战\Server\Bin\x64\Release\vc100.pdb”中寻找)；正在链接对象，如同没有调试信息一样
     1>libprotobuf.lib(coded_stream.obj) : warning LNK4099: 未找到 PDB“vc100.pdb”(使用“libprotobuf.lib(coded_stream.obj)”或在“E:\Src\[src.cool]最后一战\Server\Bin\x64\Release\vc100.pdb”中寻找)；正在链接对象，如同没有调试信息一样
     1>libprotobuf.lib(common.obj) : warning LNK4099: 未找到 PDB“vc100.pdb”(使用“libprotobuf.lib(common.obj)”或在“E:\Src\[src.cool]最后一战\Server\Bin\x64\Release\vc100.pdb”中寻找)；正在链接对象，如同没有调试信息一样
     1>libprotobuf.lib(descriptor.obj) : warning LNK4099: 未找到 PDB“vc100.pdb”(使用“libprotobuf.lib(descriptor.obj)”或在“E:\Src\[src.cool]最后一战\Server\Bin\x64\Release\vc100.pdb”中寻找)；正在链接对象，如同没有调试信息一样
     1>libprotobuf.lib(descriptor.pb.obj) : warning LNK4099: 未找到 PDB“vc100.pdb”(使用“libprotobuf.lib(descriptor.pb.obj)”或在“E:\Src\[src.cool]最后一战\Server\Bin\x64\Release\vc100.pdb”中寻找)；正在链接对象，如同没有调试信息一样
     1>libprotobuf.lib(descriptor_database.obj) : warning LNK4099: 未找到 PDB“vc100.pdb”(使用“libprotobuf.lib(descriptor_database.obj)”或在“E:\Src\[src.cool]最后一战\Server\Bin\x64\Release\vc100.pdb”中寻找)；正在链接对象，如同没有调试信息一样
     1>libprotobuf.lib(dynamic_message.obj) : warning LNK4099: 未找到 PDB“vc100.pdb”(使用“libprotobuf.lib(dynamic_message.obj)”或在“E:\Src\[src.cool]最后一战\Server\Bin\x64\Release\vc100.pdb”中寻找)；正在链接对象，如同没有调试信息一样
     1>libprotobuf.lib(extension_set.obj) : warning LNK4099: 未找到 PDB“vc100.pdb”(使用“libprotobuf.lib(extension_set.obj)”或在“E:\Src\[src.cool]最后一战\Server\Bin\x64\Release\vc100.pdb”中寻找)；正在链接对象，如同没有调试信息一样
     1>libprotobuf.lib(extension_set_heavy.obj) : warning LNK4099: 未找到 PDB“vc100.pdb”(使用“libprotobuf.lib(extension_set_heavy.obj)”或在“E:\Src\[src.cool]最后一战\Server\Bin\x64\Release\vc100.pdb”中寻找)；正在链接对象，如同没有调试信息一样
     1>libprotobuf.lib(generated_message_reflection.obj) : warning LNK4099: 未找到 PDB“vc100.pdb”(使用“libprotobuf.lib(generated_message_reflection.obj)”或在“E:\Src\[src.cool]最后一战\Server\Bin\x64\Release\vc100.pdb”中寻找)；正在链接对象，如同没有调试信息一样
     1>libprotobuf.lib(generated_message_util.obj) : warning LNK4099: 未找到 PDB“vc100.pdb”(使用“libprotobuf.lib(generated_message_util.obj)”或在“E:\Src\[src.cool]最后一战\Server\Bin\x64\Release\vc100.pdb”中寻找)；正在链接对象，如同没有调试信息一样
     1>libprotobuf.lib(message.obj) : warning LNK4099: 未找到 PDB“vc100.pdb”(使用“libprotobuf.lib(message.obj)”或在“E:\Src\[src.cool]最后一战\Server\Bin\x64\Release\vc100.pdb”中寻找)；正在链接对象，如同没有调试信息一样
     1>libprotobuf.lib(message_lite.obj) : warning LNK4099: 未找到 PDB“vc100.pdb”(使用“libprotobuf.lib(message_lite.obj)”或在“E:\Src\[src.cool]最后一战\Server\Bin\x64\Release\vc100.pdb”中寻找)；正在链接对象，如同没有调试信息一样
     1>libprotobuf.lib(once.obj) : warning LNK4099: 未找到 PDB“vc100.pdb”(使用“libprotobuf.lib(once.obj)”或在“E:\Src\[src.cool]最后一战\Server\Bin\x64\Release\vc100.pdb”中寻找)；正在链接对象，如同没有调试信息一样
     1>libprotobuf.lib(reflection_ops.obj) : warning LNK4099: 未找到 PDB“vc100.pdb”(使用“libprotobuf.lib(reflection_ops.obj)”或在“E:\Src\[src.cool]最后一战\Server\Bin\x64\Release\vc100.pdb”中寻找)；正在链接对象，如同没有调试信息一样
     1>libprotobuf.lib(repeated_field.obj) : warning LNK4099: 未找到 PDB“vc100.pdb”(使用“libprotobuf.lib(repeated_field.obj)”或在“E:\Src\[src.cool]最后一战\Server\Bin\x64\Release\vc100.pdb”中寻找)；正在链接对象，如同没有调试信息一样
     1>libprotobuf.lib(stringprintf.obj) : warning LNK4099: 未找到 PDB“vc100.pdb”(使用“libprotobuf.lib(stringprintf.obj)”或在“E:\Src\[src.cool]最后一战\Server\Bin\x64\Release\vc100.pdb”中寻找)；正在链接对象，如同没有调试信息一样
     1>libprotobuf.lib(strtod.obj) : warning LNK4099: 未找到 PDB“vc100.pdb”(使用“libprotobuf.lib(strtod.obj)”或在“E:\Src\[src.cool]最后一战\Server\Bin\x64\Release\vc100.pdb”中寻找)；正在链接对象，如同没有调试信息一样
     1>libprotobuf.lib(structurally_valid.obj) : warning LNK4099: 未找到 PDB“vc100.pdb”(使用“libprotobuf.lib(structurally_valid.obj)”或在“E:\Src\[src.cool]最后一战\Server\Bin\x64\Release\vc100.pdb”中寻找)；正在链接对象，如同没有调试信息一样
     1>libprotobuf.lib(strutil.obj) : warning LNK4099: 未找到 PDB“vc100.pdb”(使用“libprotobuf.lib(strutil.obj)”或在“E:\Src\[src.cool]最后一战\Server\Bin\x64\Release\vc100.pdb”中寻找)；正在链接对象，如同没有调试信息一样
     1>libprotobuf.lib(substitute.obj) : warning LNK4099: 未找到 PDB“vc100.pdb”(使用“libprotobuf.lib(substitute.obj)”或在“E:\Src\[src.cool]最后一战\Server\Bin\x64\Release\vc100.pdb”中寻找)；正在链接对象，如同没有调试信息一样
     1>libprotobuf.lib(text_format.obj) : warning LNK4099: 未找到 PDB“vc100.pdb”(使用“libprotobuf.lib(text_format.obj)”或在“E:\Src\[src.cool]最后一战\Server\Bin\x64\Release\vc100.pdb”中寻找)；正在链接对象，如同没有调试信息一样
     1>libprotobuf.lib(tokenizer.obj) : warning LNK4099: 未找到 PDB“vc100.pdb”(使用“libprotobuf.lib(tokenizer.obj)”或在“E:\Src\[src.cool]最后一战\Server\Bin\x64\Release\vc100.pdb”中寻找)；正在链接对象，如同没有调试信息一样
     1>libprotobuf.lib(unknown_field_set.obj) : warning LNK4099: 未找到 PDB“vc100.pdb”(使用“libprotobuf.lib(unknown_field_set.obj)”或在“E:\Src\[src.cool]最后一战\Server\Bin\x64\Release\vc100.pdb”中寻找)；正在链接对象，如同没有调试信息一样
     1>libprotobuf.lib(wire_format.obj) : warning LNK4099: 未找到 PDB“vc100.pdb”(使用“libprotobuf.lib(wire_format.obj)”或在“E:\Src\[src.cool]最后一战\Server\Bin\x64\Release\vc100.pdb”中寻找)；正在链接对象，如同没有调试信息一样
     1>libprotobuf.lib(wire_format_lite.obj) : warning LNK4099: 未找到 PDB“vc100.pdb”(使用“libprotobuf.lib(wire_format_lite.obj)”或在“E:\Src\[src.cool]最后一战\Server\Bin\x64\Release\vc100.pdb”中寻找)；正在链接对象，如同没有调试信息一样
     1>libprotobuf.lib(zero_copy_stream.obj) : warning LNK4099: 未找到 PDB“vc100.pdb”(使用“libprotobuf.lib(zero_copy_stream.obj)”或在“E:\Src\[src.cool]最后一战\Server\Bin\x64\Release\vc100.pdb”中寻找)；正在链接对象，如同没有调试信息一样
     1>libprotobuf.lib(zero_copy_stream_impl.obj) : warning LNK4099: 未找到 PDB“vc100.pdb”(使用“libprotobuf.lib(zero_copy_stream_impl.obj)”或在“E:\Src\[src.cool]最后一战\Server\Bin\x64\Release\vc100.pdb”中寻找)；正在链接对象，如同没有调试信息一样
     1>libprotobuf.lib(zero_copy_stream_impl_lite.obj) : warning LNK4099: 未找到 PDB“vc100.pdb”(使用“libprotobuf.lib(zero_copy_stream_impl_lite.obj)”或在“E:\Src\[src.cool]最后一战\Server\Bin\x64\Release\vc100.pdb”中寻找)；正在链接对象，如同没有调试信息一样
     1>tinyxml.lib(tinystr.obj) : warning LNK4099: 未找到 PDB“vc100.pdb”(使用“tinyxml.lib(tinystr.obj)”或在“E:\Src\[src.cool]最后一战\Server\Bin\x64\Release\vc100.pdb”中寻找)；正在链接对象，如同没有调试信息一样
     1>tinyxml.lib(tinyxml.obj) : warning LNK4099: 未找到 PDB“vc100.pdb”(使用“tinyxml.lib(tinyxml.obj)”或在“E:\Src\[src.cool]最后一战\Server\Bin\x64\Release\vc100.pdb”中寻找)；正在链接对象，如同没有调试信息一样
     1>tinyxml.lib(tinyxmlerror.obj) : warning LNK4099: 未找到 PDB“vc100.pdb”(使用“tinyxml.lib(tinyxmlerror.obj)”或在“E:\Src\[src.cool]最后一战\Server\Bin\x64\Release\vc100.pdb”中寻找)；正在链接对象，如同没有调试信息一样
     1>tinyxml.lib(tinyxmlparser.obj) : warning LNK4099: 未找到 PDB“vc100.pdb”(使用“tinyxml.lib(tinyxmlparser.obj)”或在“E:\Src\[src.cool]最后一战\Server\Bin\x64\Release\vc100.pdb”中寻找)；正在链接对象，如同没有调试信息一样
         LogServer.vcxproj -> E:\Src\[src.cool]最后一战\Server\LogServer\LogServer\..\..\Bin\x64\Release\LogServer.exe
       Manifest:
         C:\Program Files (x86)\Microsoft SDKs\Windows\v7.0A\bin\mt.exe /nologo /verbose /outputresource:"..\..\Bin\x64\Release\LogServer.exe;#1" /manifest x64\Release\LogServer.exe.intermediate.manifest
       FinalizeBuildStatus:
         正在删除文件“x64\Release\LogServer.unsuccessfulbuild”。
         正在对“x64\Release\LogServer.lastbuildstate”执行 Touch 任务。
     1>已完成生成项目“E:\Src\[src.cool]最后一战\Server\LogServer\LogServer\LogServer.vcxproj”(build 个目标)的操作。

生成成功。

已用时间 00:00:51.81
