生成启动时间为 2015/4/11 23:01:26。
     1>项目“C:\work\Server\UCore\project\win\ucodebase\ucodebase.vcxproj”在节点 2 上(build 个目标)。
     1>PrepareForBuild:
         正在创建目录“..\..\..\bin\x64\Release\”。
       InitializeBuildStatus:
         正在创建“..\..\..\symbols\x64\ucodebase\Release\ucodebase.unsuccessfulbuild”，因为已指定“AlwaysCreate”。
       ClCompile:
         C:\Program Files (x86)\Microsoft Visual Studio 10.0\VC\bin\x86_amd64\CL.exe /c /Zi /nologo /W3 /WX- /Od /Oi /GL /D WIN64 /D NDEBUG /D _WINDOWS /D _LIB /D _UNICODE /D UNICODE /Gm- /EHsc /MD /GS /Gy /fp:precise /Zc:wchar_t /Zc:forScope /Fo"..\..\..\symbols\x64\ucodebase\Release\\" /Fd"..\..\..\symbols\x64\ucodebase\Release\vc100.pdb" /Gd /TP /errorReport:prompt ..\..\..\src\base\uccondition.cpp ..\..\..\src\base\ucdataqueue.cpp ..\..\..\src\base\uclogger.cpp ..\..\..\src\base\ucloopbuffer.cpp ..\..\..\src\base\ucmutex.cpp ..\..\..\src\base\ucstring.cpp ..\..\..\src\base\uctime.cpp ..\..\..\src\base\uctranslate.cpp ..\..\..\src\base\ucwstring.cpp ..\..\..\src\base\vercheck.cpp
         uccondition.cpp
         ucdataqueue.cpp
         uclogger.cpp
         ucloopbuffer.cpp
         ucmutex.cpp
         ucstring.cpp
     1>C:\work\Server\UCore\thirdparty\libiconv\include\iconv.h : warning C4819: 该文件包含不能在当前代码页(936)中表示的字符。请将该文件保存为 Unicode 格式以防止数据丢失
         uctime.cpp
         uctranslate.cpp
     1>C:\work\Server\UCore\thirdparty\libiconv\include\iconv.h : warning C4819: 该文件包含不能在当前代码页(936)中表示的字符。请将该文件保存为 Unicode 格式以防止数据丢失
     1>..\..\..\src\base\uctranslate.cpp(55): warning C4267: “初始化”: 从“size_t”转换到“INT32”，可能丢失数据
         ucwstring.cpp
         vercheck.cpp
       Lib:
         C:\Program Files (x86)\Microsoft Visual Studio 10.0\VC\bin\x86_amd64\Lib.exe /OUT:"..\..\..\bin\x64\Release\ucodebase.lib" /NOLOGO /LTCG ..\..\..\symbols\x64\ucodebase\Release\uccondition.obj
         ..\..\..\symbols\x64\ucodebase\Release\ucdataqueue.obj
         ..\..\..\symbols\x64\ucodebase\Release\uclogger.obj
         ..\..\..\symbols\x64\ucodebase\Release\ucloopbuffer.obj
         ..\..\..\symbols\x64\ucodebase\Release\ucmutex.obj
         ..\..\..\symbols\x64\ucodebase\Release\ucstring.obj
         ..\..\..\symbols\x64\ucodebase\Release\uctime.obj
         ..\..\..\symbols\x64\ucodebase\Release\uctranslate.obj
         ..\..\..\symbols\x64\ucodebase\Release\ucwstring.obj
         ..\..\..\symbols\x64\ucodebase\Release\vercheck.obj
         ucodebase.vcxproj -> C:\work\Server\UCore\project\win\ucodebase\..\..\..\bin\x64\Release\ucodebase.lib
       FinalizeBuildStatus:
         正在删除文件“..\..\..\symbols\x64\ucodebase\Release\ucodebase.unsuccessfulbuild”。
         正在对“..\..\..\symbols\x64\ucodebase\Release\ucodebase.lastbuildstate”执行 Touch 任务。
     1>已完成生成项目“C:\work\Server\UCore\project\win\ucodebase\ucodebase.vcxproj”(build 个目标)的操作。

生成成功。

已用时间 00:00:03.59
