生成启动时间为 2015/4/11 21:25:06。
     1>项目“C:\work\Server\ThirdFunc\tinyxml\tinyxml_lib.vcxproj”在节点 2 上(build 个目标)。
     1>InitializeBuildStatus:
         正在创建“x64\Release\tinyxml.unsuccessfulbuild”，因为已指定“AlwaysCreate”。
       ClCompile:
         C:\Program Files (x86)\Microsoft Visual Studio 10.0\VC\bin\x86_amd64\CL.exe /c /Zi /nologo /W3 /WX- /O2 /Ob1 /D WIN32 /D NDEBUG /D _LIB /D _VC80_UPGRADE=0x0600 /D _UNICODE /D UNICODE /GF /Gm- /EHsc /MD /GS /Gy /fp:precise /Zc:wchar_t /Zc:forScope /Fo"x64\Release\\" /Fd"x64\Release\vc100.pdb" /Gd /TP /errorReport:prompt tinystr.cpp tinyxml.cpp tinyxmlerror.cpp tinyxmlparser.cpp
         tinystr.cpp
         tinyxml.cpp
         tinyxmlerror.cpp
         tinyxmlparser.cpp
         Generating Code...
       Lib:
         C:\Program Files (x86)\Microsoft Visual Studio 10.0\VC\bin\x86_amd64\Lib.exe /OUT:"x64\Release\tinyxml.lib" /NOLOGO x64\Release\tinystr.obj
         x64\Release\tinyxml.obj
         x64\Release\tinyxmlerror.obj
         x64\Release\tinyxmlparser.obj
         tinyxml_lib.vcxproj -> C:\work\Server\ThirdFunc\tinyxml\x64\Release\tinyxml.lib
       FinalizeBuildStatus:
         正在删除文件“x64\Release\tinyxml.unsuccessfulbuild”。
         正在对“x64\Release\tinyxml.lastbuildstate”执行 Touch 任务。
     1>已完成生成项目“C:\work\Server\ThirdFunc\tinyxml\tinyxml_lib.vcxproj”(build 个目标)的操作。

生成成功。

已用时间 00:00:00.97
