生成启动时间为 2015/4/11 23:19:45。
     1>项目“C:\work\Server\UCore\project\win\ucodenet\ucodenet.vcxproj”在节点 2 上(build 个目标)。
     1>InitializeBuildStatus:
         正在对“..\..\..\symbols\x64\ucodenet\Release\ucodenet.unsuccessfulbuild”执行 Touch 任务。
       ClCompile:
         所有输出均为最新。
       Link:
         C:\Program Files (x86)\Microsoft Visual Studio 10.0\VC\bin\x86_amd64\link.exe /ERRORREPORT:PROMPT /OUT:"..\..\..\bin\x64\Release\ucodenet.dll" /NOLOGO ucodebase.lib libiconv.lib ws2_32.lib kernel32.lib user32.lib gdi32.lib winspool.lib comdlg32.lib advapi32.lib shell32.lib ole32.lib oleaut32.lib uuid.lib odbc32.lib odbccp32.lib /MANIFEST /ManifestFile:"..\..\..\symbols\x64\ucodenet\Release\ucodenet.dll.intermediate.manifest" /MANIFESTUAC:"level='asInvoker' uiAccess='false'" /DEBUG /PDB:"C:\work\Server\UCore\bin\x64\Release\ucodenet.pdb" /OPT:REF /OPT:ICF /LTCG /TLBID:1 /DYNAMICBASE /NXCOMPAT /IMPLIB:"..\..\..\bin\x64\Release\ucodenet.lib" /MACHINE:X64 /DLL ..\..\..\symbols\x64\ucodenet\Release\bufpool.obj
         ..\..\..\symbols\x64\ucodenet\Release\conndataallocator.obj
         ..\..\..\symbols\x64\ucodenet\Release\conndatamgr.obj
         ..\..\..\symbols\x64\ucodenet\Release\ucnetconfig.obj
         ..\..\..\symbols\x64\ucodenet\Release\simpleloopbuffer.obj
         ..\..\..\symbols\x64\ucodenet\Release\connectctrl.obj
         ..\..\..\symbols\x64\ucodenet\Release\connectionmgr.obj
         ..\..\..\symbols\x64\ucodenet\Release\cplistener.obj
         ..\..\..\symbols\x64\ucodenet\Release\cpsock.obj
         ..\..\..\symbols\x64\ucodenet\Release\cpsockmgr.obj
         ..\..\..\symbols\x64\ucodenet\Release\eventmgr.obj
         ..\..\..\symbols\x64\ucodenet\Release\iocpctrl.obj
         ..\..\..\symbols\x64\ucodenet\Release\ucconnection.obj
         ..\..\..\symbols\x64\ucodenet\Release\ucconnector.obj
         ..\..\..\symbols\x64\ucodenet\Release\uclistener.obj
         ..\..\..\symbols\x64\ucodenet\Release\ucnetwin.obj
            正在创建库 ..\..\..\bin\x64\Release\ucodenet.lib 和对象 ..\..\..\bin\x64\Release\ucodenet.exp
         正在生成代码
         已完成代码的生成
         ucodenet.vcxproj -> C:\work\Server\UCore\project\win\ucodenet\..\..\..\bin\x64\Release\ucodenet.dll
       Manifest:
         C:\Program Files (x86)\Microsoft SDKs\Windows\v7.0A\bin\mt.exe /nologo /verbose /outputresource:"..\..\..\bin\x64\Release\ucodenet.dll;#2" /manifest ..\..\..\symbols\x64\ucodenet\Release\ucodenet.dll.intermediate.manifest
       FinalizeBuildStatus:
         正在删除文件“..\..\..\symbols\x64\ucodenet\Release\ucodenet.unsuccessfulbuild”。
         正在对“..\..\..\symbols\x64\ucodenet\Release\ucodenet.lastbuildstate”执行 Touch 任务。
     1>已完成生成项目“C:\work\Server\UCore\project\win\ucodenet\ucodenet.vcxproj”(build 个目标)的操作。

生成成功。

已用时间 00:00:01.45
